<?xml version="1.0" encoding="UTF-8"?>
<!-- Generated by org.testng.reporters.JUnitXMLReporter -->
<testsuite hostname="EN510032" name="Default test" tests="3" failures="0" timestamp="22 May 2019 13:49:48 GMT" time="25.287" errors="0">
  <testcase name="firstTestCase" time="8.598" classname="tests.TestCases"/>
  <testcase name="secondTestCase" time="9.141" classname="tests.TestCases"/>
  <testcase name="thirdTestCase" time="6.617" classname="tests.TestCases"/>
</testsuite> <!-- Default test -->
