<?xml version="1.0" encoding="UTF-8"?>
<testng-results skipped="0" failed="0" total="3" passed="3">
  <reporter-output>
  </reporter-output>
  <suite name="Default suite" duration-ms="25287" started-at="2019-05-22T13:49:23Z" finished-at="2019-05-22T13:49:48Z">
    <groups>
    </groups>
    <test name="Default test" duration-ms="25287" started-at="2019-05-22T13:49:23Z" finished-at="2019-05-22T13:49:48Z">
      <class name="tests.TestCases">
        <test-method status="PASS" signature="firstTestCase()[pri:0, instance:tests.TestCases@271053e1]" name="firstTestCase" duration-ms="8598" started-at="2019-05-22T15:49:23Z" finished-at="2019-05-22T15:49:31Z">
          <reporter-output>
          </reporter-output>
        </test-method> <!-- firstTestCase -->
        <test-method status="PASS" signature="secondTestCase()[pri:0, instance:tests.TestCases@271053e1]" name="secondTestCase" duration-ms="9141" started-at="2019-05-22T15:49:31Z" finished-at="2019-05-22T15:49:40Z">
          <reporter-output>
          </reporter-output>
        </test-method> <!-- secondTestCase -->
        <test-method status="PASS" signature="thirdTestCase()[pri:0, instance:tests.TestCases@271053e1]" name="thirdTestCase" duration-ms="6617" started-at="2019-05-22T15:49:40Z" finished-at="2019-05-22T15:49:47Z">
          <reporter-output>
          </reporter-output>
        </test-method> <!-- thirdTestCase -->
        <test-method status="PASS" signature="tearDown()[pri:0, instance:tests.TestCases@271053e1]" name="tearDown" is-config="true" duration-ms="915" started-at="2019-05-22T15:49:47Z" finished-at="2019-05-22T15:49:48Z">
          <reporter-output>
          </reporter-output>
        </test-method> <!-- tearDown -->
      </class> <!-- tests.TestCases -->
    </test> <!-- Default test -->
  </suite> <!-- Default suite -->
</testng-results>
